644  INFO  : [96m

-------------------------------------------------------------------------------------
     _______. _______ .______       _______ .__   __.  __  .___________.____    ____ 
    /       ||   ____||   _  \     |   ____||  \ |  | |  | |           |\   \  /   / 
   |   (----`|  |__   |  |_)  |    |  |__   |   \|  | |  | `---|  |----` \   \/   /  
    \   \    |   __|  |      /     |   __|  |  . `  | |  |     |  |       \_    _/   
.----)   |   |  |____ |  |\  \----.|  |____ |  |\   | |  |     |  |         |  |     
|_______/    |_______|| _| `._____||_______||__| \__| |__|     |__|         |__|    
                                                                                     
 News and tutorials at https://serenity-bdd.info                                     
 Documentation at https://serenity-bdd.github.io                                     
 Test Automation Training and Coaching: https://www.serenity-dojo.com                
 Commercial Support: https://www.serenity-dojo.com/serenity-bdd-enterprise-support   
 Join the Serenity Community on Gitter: https://gitter.im/serenity-bdd/serenity-core 
-------------------------------------------------------------------------------------
[0m
653  INFO  : Test Suite Started: Registro de cliente en OrangeHRM
718  INFO  : Test Suite Started: Registro de cliente en OrangeHRM
831  INFO  : 
  _____   ___   ___   _____     ___   _____     _     ___   _____   ___   ___  
 |_   _| | __| / __| |_   _|   / __| |_   _|   /_\   | _ \ |_   _| | __| |   \ 
   | |   | _|  \__ \   | |     \__ \   | |    / _ \  |   /   | |   | _|  | |) |
   |_|   |___| |___/   |_|     |___/   |_|   /_/ \_\ |_|_\   |_|   |___| |___/ 

Crear un nuevo empleado en OrangeHRM(registro-de-cliente-en-orangehrm;crear-un-nuevo-empleado-en-orangehrm)
--------------------------------------------------------------------------------
847  INFO  : [92m|-- 1: Crear un nuevo empleado en OrangeHRM ({Nombre=Ronaldo, SegundoNombre=pruebas, Apellido=testing})[0m
932  INFO  : [92m|---- Dado que el Administrador esta logueado en OrangeHRM[0m
1133 INFO  : [92m|------ Admin ingresa a la página https://opensource-demo.orangehrmlive.com/web/index.php/auth/login[0m
1148 INFO  : [92m|-------- Admin opens the browser at https://opensource-demo.orangehrmlive.com/web/index.php/auth/login[0m
1215 INFO  n.s.c.w.d.ChromeDriverProvider: Starting Chrome driver instance with capabilities:
1216 INFO  n.s.c.w.d.ChromeDriverProvider: Capabilities {acceptInsecureCerts: true, browserName: chrome, goog:chromeOptions: {args: [--test-type, --no-sandbox, --ignore-certificate-errors, --window-size=1920,1080, --disable-infobars, --disable-gpu, --disable-default-apps, --disable-popup-blocking, --disable-extensions, --disable-notifications, --disable-print-preview, --test-type, --no-sandbox, --ignore-certificate-errors, --window-size=1920,1080, --disable-infobars, --disable-gpu, --disable-default-apps, --disable-popup-blocking, --disable-extensions, --disable-notifications, --disable-print-preview, chrome.switches=--incognito, --disable-popup-blocking, --start-maximized, --test-type, --window-size=1920,1080, --no-sandbox, --ignore-certificate-errors, \r\n                   --di..., --disable-default-apps, --disable-extensions-file-a..., \r\n                   --di..., --disable-gpu, --disable-web-security, --allow-running-insecure-co..., \r\n                   --re..., --disable-notifications, --incognito, --deny-permission-prompts, --disable-extension, \r\n                   --di...], extensions: []}}
13983 INFO  : [92m|------ Admin ingresa sus credenciales[0m
13989 INFO  : [92m|-------- Admin enters 'Admin' into Campo de usuario[0m
14519 INFO  : [92m|-------- Admin enters 'admin123' into Campo de contraseña[0m
14634 INFO  : [92m|------ Admin da clic en el botón de login[0m
14638 INFO  : [92m|-------- Admin clicks on Botón de login[0m
16118 INFO  : [92m|---- Y hace click en el boton de pim[0m
16705 INFO  : [92m|------ Admin clicks on Botón de PIM[0m
18127 INFO  : [92m|---- Y hace click en agregar empleado[0m
18682 INFO  : [92m|------ Admin clicks on Botón de agregar empleado[0m
19616 INFO  : [92m|---- Cuando completa los datos obligatorios, Nombre "Ronaldo", SegundoNombre "pruebas", Apellido "testing"[0m
20129 INFO  : [92m|------ Admin enters 'Ronaldo' into Campo de primer nombre[0m
20279 INFO  : [92m|------ Admin enters 'pruebas' into Campo de segundo nombre[0m
20439 INFO  : [92m|------ Admin enters 'testing' into Campo de apellido[0m
20540 INFO  : [92m|---- Y da clic en el boton de guardar[0m
20543 INFO  : [92m|------ Admin clicks on Botón de guardar[0m
26798 INFO  : [92m|---- Y da clic en el boton Employee List[0m
26862 INFO  : [92m|------ Admin clicks on Barra de navegación de lista de empleados[0m
27565 INFO  : [92m|---- Y busca el empleado creado por el nombre "Ronaldo"[0m
28294 INFO  : [92m|------ Admin enters 'Ronaldo' into Campo de búsqueda por nombre del empleado[0m
28448 INFO  : [92m|------ Admin clicks on Botón de buscar[0m
28543 INFO  : [92m|---- Entonces debemos verificar que el Empleado "Ronaldo" con segundo nombre "pruebas" fue creado exitosamente[0m
29447 INFO  : [92m
  _____   ___   ___   _____     ___     _     ___   ___   ___   ___  
 |_   _| | __| / __| |_   _|   | _ \   /_\   / __| / __| | __| |   \ 
   | |   | _|  \__ \   | |     |  _/  / _ \  \__ \ \__ \ | _|  | |) |
   |_|   |___| |___/   |_|     |_|   /_/ \_\ |___/ |___/ |___| |___/ 

Crear un nuevo empleado en OrangeHRM
----------------------------------------------------------------------[0m
